<?xml version="1.0" encoding="UTF-8"?>
<testng-results skipped="0" failed="0" total="8" passed="8">
  <reporter-output>
  </reporter-output>
  <suite name="Default suite" duration-ms="227349" started-at="2017-06-14T07:13:32Z" finished-at="2017-06-14T07:17:19Z">
    <groups>
    </groups>
    <test name="Default test" duration-ms="227349" started-at="2017-06-14T07:13:32Z" finished-at="2017-06-14T07:17:19Z">
      <class name="Purchase.CreateNewRequisitionTest">
        <test-method status="PASS" signature="initialioseBrowser()[pri:0, instance:Purchase.CreateNewRequisitionTest@3382f8ae]" name="initialioseBrowser" is-config="true" duration-ms="14243" started-at="2017-06-14T12:43:17Z" finished-at="2017-06-14T12:43:32Z">
          <reporter-output>
          </reporter-output>
        </test-method> <!-- initialioseBrowser -->
        <test-method status="PASS" signature="beforeSu()[pri:0, instance:Purchase.CreateNewRequisitionTest@3382f8ae]" name="beforeSu" is-config="true" duration-ms="97" started-at="2017-06-14T12:43:32Z" depends-on-methods="common_Function.WebDriverPass.initialioseBrowser" finished-at="2017-06-14T12:43:32Z">
          <reporter-output>
          </reporter-output>
        </test-method> <!-- beforeSu -->
        <test-method status="PASS" signature="createnewreqM()[pri:1, instance:Purchase.CreateNewRequisitionTest@3382f8ae]" name="createnewreqM" duration-ms="10144" started-at="2017-06-14T12:43:32Z" finished-at="2017-06-14T12:43:42Z">
          <reporter-output>
          </reporter-output>
        </test-method> <!-- createnewreqM -->
        <test-method status="PASS" signature="afterMethod(org.testng.ITestResult)[pri:0, instance:Purchase.CreateNewRequisitionTest@3382f8ae]" name="afterMethod" is-config="true" duration-ms="218" started-at="2017-06-14T12:43:42Z" finished-at="2017-06-14T12:43:42Z">
          <params>
            <param index="0">
              <value>
                <![CDATA[[TestResult name=createnewreqM status=SUCCESS method=CreateNewRequisitionTest.createnewreqM()[pri:1, instance:Purchase.CreateNewRequisitionTest@3382f8ae] output={null}]]]>
              </value>
            </param>
          </params>
          <reporter-output>
          </reporter-output>
        </test-method> <!-- afterMethod -->
        <test-method status="PASS" signature="createnewreq()[pri:2, instance:Purchase.CreateNewRequisitionTest@3382f8ae]" name="createnewreq" duration-ms="41151" started-at="2017-06-14T12:43:42Z" finished-at="2017-06-14T12:44:23Z">
          <reporter-output>
          </reporter-output>
        </test-method> <!-- createnewreq -->
        <test-method status="PASS" signature="afterMethod(org.testng.ITestResult)[pri:0, instance:Purchase.CreateNewRequisitionTest@3382f8ae]" name="afterMethod" is-config="true" duration-ms="62" started-at="2017-06-14T12:44:23Z" finished-at="2017-06-14T12:44:23Z">
          <params>
            <param index="0">
              <value>
                <![CDATA[[TestResult name=createnewreq status=SUCCESS method=CreateNewRequisitionTest.createnewreq()[pri:2, instance:Purchase.CreateNewRequisitionTest@3382f8ae] output={null}]]]>
              </value>
            </param>
          </params>
          <reporter-output>
          </reporter-output>
        </test-method> <!-- afterMethod -->
        <test-method status="PASS" signature="EditRequisition()[pri:3, instance:Purchase.CreateNewRequisitionTest@3382f8ae]" name="EditRequisition" duration-ms="10210" started-at="2017-06-14T12:44:23Z" finished-at="2017-06-14T12:44:34Z">
          <reporter-output>
          </reporter-output>
        </test-method> <!-- EditRequisition -->
        <test-method status="PASS" signature="afterMethod(org.testng.ITestResult)[pri:0, instance:Purchase.CreateNewRequisitionTest@3382f8ae]" name="afterMethod" is-config="true" duration-ms="56" started-at="2017-06-14T12:44:34Z" finished-at="2017-06-14T12:44:34Z">
          <params>
            <param index="0">
              <value>
                <![CDATA[[TestResult name=EditRequisition status=SUCCESS method=CreateNewRequisitionTest.EditRequisition()[pri:3, instance:Purchase.CreateNewRequisitionTest@3382f8ae] output={null}]]]>
              </value>
            </param>
          </params>
          <reporter-output>
          </reporter-output>
        </test-method> <!-- afterMethod -->
        <test-method status="PASS" signature="RequisitionItems()[pri:4, instance:Purchase.CreateNewRequisitionTest@3382f8ae]" name="RequisitionItems" duration-ms="25987" started-at="2017-06-14T12:44:34Z" finished-at="2017-06-14T12:45:00Z">
          <reporter-output>
          </reporter-output>
        </test-method> <!-- RequisitionItems -->
        <test-method status="PASS" signature="afterMethod(org.testng.ITestResult)[pri:0, instance:Purchase.CreateNewRequisitionTest@3382f8ae]" name="afterMethod" is-config="true" duration-ms="53" started-at="2017-06-14T12:45:00Z" finished-at="2017-06-14T12:45:00Z">
          <params>
            <param index="0">
              <value>
                <![CDATA[[TestResult name=RequisitionItems status=SUCCESS method=CreateNewRequisitionTest.RequisitionItems()[pri:4, instance:Purchase.CreateNewRequisitionTest@3382f8ae] output={null}]]]>
              </value>
            </param>
          </params>
          <reporter-output>
          </reporter-output>
        </test-method> <!-- afterMethod -->
        <test-method status="PASS" signature="AddItems()[pri:5, instance:Purchase.CreateNewRequisitionTest@3382f8ae]" name="AddItems" duration-ms="51193" started-at="2017-06-14T12:45:00Z" finished-at="2017-06-14T12:45:51Z">
          <reporter-output>
          </reporter-output>
        </test-method> <!-- AddItems -->
        <test-method status="PASS" signature="afterMethod(org.testng.ITestResult)[pri:0, instance:Purchase.CreateNewRequisitionTest@3382f8ae]" name="afterMethod" is-config="true" duration-ms="53" started-at="2017-06-14T12:45:51Z" finished-at="2017-06-14T12:45:51Z">
          <params>
            <param index="0">
              <value>
                <![CDATA[[TestResult name=AddItems status=SUCCESS method=CreateNewRequisitionTest.AddItems()[pri:5, instance:Purchase.CreateNewRequisitionTest@3382f8ae] output={null}]]]>
              </value>
            </param>
          </params>
          <reporter-output>
          </reporter-output>
        </test-method> <!-- afterMethod -->
        <test-method status="PASS" signature="Search()[pri:6, instance:Purchase.CreateNewRequisitionTest@3382f8ae]" name="Search" duration-ms="31758" started-at="2017-06-14T12:45:51Z" finished-at="2017-06-14T12:46:23Z">
          <reporter-output>
          </reporter-output>
        </test-method> <!-- Search -->
        <test-method status="PASS" signature="afterMethod(org.testng.ITestResult)[pri:0, instance:Purchase.CreateNewRequisitionTest@3382f8ae]" name="afterMethod" is-config="true" duration-ms="61" started-at="2017-06-14T12:46:23Z" finished-at="2017-06-14T12:46:23Z">
          <params>
            <param index="0">
              <value>
                <![CDATA[[TestResult name=Search status=SUCCESS method=CreateNewRequisitionTest.Search()[pri:6, instance:Purchase.CreateNewRequisitionTest@3382f8ae] output={null}]]]>
              </value>
            </param>
          </params>
          <reporter-output>
          </reporter-output>
        </test-method> <!-- afterMethod -->
        <test-method status="PASS" signature="Edititems()[pri:7, instance:Purchase.CreateNewRequisitionTest@3382f8ae]" name="Edititems" duration-ms="28532" started-at="2017-06-14T12:46:23Z" finished-at="2017-06-14T12:46:51Z">
          <reporter-output>
          </reporter-output>
        </test-method> <!-- Edititems -->
        <test-method status="PASS" signature="afterMethod(org.testng.ITestResult)[pri:0, instance:Purchase.CreateNewRequisitionTest@3382f8ae]" name="afterMethod" is-config="true" duration-ms="62" started-at="2017-06-14T12:46:51Z" finished-at="2017-06-14T12:46:51Z">
          <params>
            <param index="0">
              <value>
                <![CDATA[[TestResult name=Edititems status=SUCCESS method=CreateNewRequisitionTest.Edititems()[pri:7, instance:Purchase.CreateNewRequisitionTest@3382f8ae] output={null}]]]>
              </value>
            </param>
          </params>
          <reporter-output>
          </reporter-output>
        </test-method> <!-- afterMethod -->
        <test-method status="PASS" signature="Attachement()[pri:10, instance:Purchase.CreateNewRequisitionTest@3382f8ae]" name="Attachement" duration-ms="27760" started-at="2017-06-14T12:46:51Z" finished-at="2017-06-14T12:47:19Z">
          <reporter-output>
          </reporter-output>
        </test-method> <!-- Attachement -->
        <test-method status="PASS" signature="afterMethod(org.testng.ITestResult)[pri:0, instance:Purchase.CreateNewRequisitionTest@3382f8ae]" name="afterMethod" is-config="true" duration-ms="20" started-at="2017-06-14T12:47:19Z" finished-at="2017-06-14T12:47:19Z">
          <params>
            <param index="0">
              <value>
                <![CDATA[[TestResult name=Attachement status=SUCCESS method=CreateNewRequisitionTest.Attachement()[pri:10, instance:Purchase.CreateNewRequisitionTest@3382f8ae] output={null}]]]>
              </value>
            </param>
          </params>
          <reporter-output>
          </reporter-output>
        </test-method> <!-- afterMethod -->
        <test-method status="PASS" signature="afterSu()[pri:0, instance:Purchase.CreateNewRequisitionTest@3382f8ae]" name="afterSu" is-config="true" duration-ms="21" started-at="2017-06-14T12:47:19Z" finished-at="2017-06-14T12:47:19Z">
          <reporter-output>
          </reporter-output>
        </test-method> <!-- afterSu -->
        <test-method status="PASS" signature="closeBrowser()[pri:0, instance:Purchase.CreateNewRequisitionTest@3382f8ae]" name="closeBrowser" is-config="true" duration-ms="829" started-at="2017-06-14T12:47:19Z" depends-on-methods="Purchase.CreateNewRequisitionTest.afterSu" finished-at="2017-06-14T12:47:20Z">
          <reporter-output>
          </reporter-output>
        </test-method> <!-- closeBrowser -->
      </class> <!-- Purchase.CreateNewRequisitionTest -->
    </test> <!-- Default test -->
  </suite> <!-- Default suite -->
</testng-results>
