<?xml version="1.0" encoding="UTF-8"?>
<!-- Generated by org.testng.reporters.JUnitXMLReporter -->
<testsuite hostname="ReshmaB-PC" name="Default test" tests="8" failures="0" timestamp="14 Jun 2017 07:17:19 GMT" time="227.349" errors="0">
  <testcase name="createnewreqM" time="10.144" classname="Purchase.CreateNewRequisitionTest"/>
  <testcase name="createnewreq" time="41.151" classname="Purchase.CreateNewRequisitionTest"/>
  <testcase name="EditRequisition" time="10.21" classname="Purchase.CreateNewRequisitionTest"/>
  <testcase name="RequisitionItems" time="25.987" classname="Purchase.CreateNewRequisitionTest"/>
  <testcase name="AddItems" time="51.193" classname="Purchase.CreateNewRequisitionTest"/>
  <testcase name="Search" time="31.758" classname="Purchase.CreateNewRequisitionTest"/>
  <testcase name="Edititems" time="28.532" classname="Purchase.CreateNewRequisitionTest"/>
  <testcase name="Attachement" time="27.76" classname="Purchase.CreateNewRequisitionTest"/>
</testsuite> <!-- Default test -->
